{"/Users/Uberto.Rapizzi/dev/calendar-feeds/src/calendar.ts": {"path":"/Users/Uberto.Rapizzi/dev/calendar-feeds/src/calendar.ts","all":false,"statementMap":{"0":{"start":{"line":1,"column":0},"end":{"line":1,"column":53}},"1":{"start":{"line":2,"column":0},"end":{"line":2,"column":51}},"2":{"start":{"line":3,"column":0},"end":{"line":3,"column":38}},"4":{"start":{"line":5,"column":0},"end":{"line":5,"column":30}},"5":{"start":{"line":6,"column":0},"end":{"line":6,"column":26}},"6":{"start":{"line":7,"column":0},"end":{"line":7,"column":20}},"7":{"start":{"line":8,"column":0},"end":{"line":8,"column":16}},"8":{"start":{"line":9,"column":0},"end":{"line":9,"column":11}},"9":{"start":{"line":10,"column":0},"end":{"line":10,"column":49}},"10":{"start":{"line":11,"column":0},"end":{"line":11,"column":39}},"11":{"start":{"line":12,"column":0},"end":{"line":12,"column":46}},"12":{"start":{"line":13,"column":0},"end":{"line":13,"column":24}},"13":{"start":{"line":14,"column":0},"end":{"line":14,"column":1}},"15":{"start":{"line":16,"column":0},"end":{"line":16,"column":61}},"16":{"start":{"line":17,"column":0},"end":{"line":17,"column":35}},"17":{"start":{"line":18,"column":0},"end":{"line":18,"column":42}},"18":{"start":{"line":19,"column":0},"end":{"line":19,"column":41}},"19":{"start":{"line":20,"column":0},"end":{"line":20,"column":37}},"20":{"start":{"line":21,"column":0},"end":{"line":21,"column":45}},"21":{"start":{"line":22,"column":0},"end":{"line":22,"column":33}},"22":{"start":{"line":23,"column":0},"end":{"line":23,"column":19}},"23":{"start":{"line":24,"column":0},"end":{"line":24,"column":31}},"24":{"start":{"line":25,"column":0},"end":{"line":25,"column":40}},"25":{"start":{"line":26,"column":0},"end":{"line":26,"column":34}},"26":{"start":{"line":27,"column":0},"end":{"line":27,"column":30}},"27":{"start":{"line":28,"column":0},"end":{"line":28,"column":48}},"28":{"start":{"line":29,"column":0},"end":{"line":29,"column":42}},"29":{"start":{"line":30,"column":0},"end":{"line":30,"column":9}},"30":{"start":{"line":31,"column":0},"end":{"line":31,"column":5}},"31":{"start":{"line":32,"column":0},"end":{"line":32,"column":3}},"32":{"start":{"line":33,"column":0},"end":{"line":33,"column":16}},"33":{"start":{"line":34,"column":0},"end":{"line":34,"column":1}}},"s":{"0":1,"1":1,"2":1,"4":1,"5":9,"6":9,"7":9,"8":9,"9":9,"10":9,"11":9,"12":9,"13":9,"15":1,"16":4,"17":3,"18":3,"19":3,"20":4,"21":2,"22":1,"23":1,"24":1,"25":1,"26":1,"27":1,"28":1,"29":1,"30":1,"31":2,"32":3,"33":3},"branchMap":{"0":{"type":"branch","line":5,"loc":{"start":{"line":5,"column":7},"end":{"line":14,"column":1}},"locations":[{"start":{"line":5,"column":7},"end":{"line":14,"column":1}}]},"1":{"type":"branch","line":10,"loc":{"start":{"line":10,"column":27},"end":{"line":10,"column":46}},"locations":[{"start":{"line":10,"column":27},"end":{"line":10,"column":46}}]},"2":{"type":"branch","line":11,"loc":{"start":{"line":11,"column":16},"end":{"line":11,"column":39}},"locations":[{"start":{"line":11,"column":16},"end":{"line":11,"column":39}}]},"3":{"type":"branch","line":12,"loc":{"start":{"line":12,"column":17},"end":{"line":12,"column":44}},"locations":[{"start":{"line":12,"column":17},"end":{"line":12,"column":44}}]},"4":{"type":"branch","line":16,"loc":{"start":{"line":16,"column":7},"end":{"line":34,"column":1}},"locations":[{"start":{"line":16,"column":7},"end":{"line":34,"column":1}}]},"5":{"type":"branch","line":17,"loc":{"start":{"line":17,"column":25},"end":{"line":17,"column":35}},"locations":[{"start":{"line":17,"column":25},"end":{"line":17,"column":35}}]},"6":{"type":"branch","line":17,"loc":{"start":{"line":17,"column":33},"end":{"line":21,"column":44}},"locations":[{"start":{"line":17,"column":33},"end":{"line":21,"column":44}}]},"7":{"type":"branch","line":21,"loc":{"start":{"line":21,"column":44},"end":{"line":32,"column":3}},"locations":[{"start":{"line":21,"column":44},"end":{"line":32,"column":3}}]},"8":{"type":"branch","line":22,"loc":{"start":{"line":22,"column":32},"end":{"line":31,"column":5}},"locations":[{"start":{"line":22,"column":32},"end":{"line":31,"column":5}}]},"9":{"type":"branch","line":32,"loc":{"start":{"line":32,"column":2},"end":{"line":34,"column":1}},"locations":[{"start":{"line":32,"column":2},"end":{"line":34,"column":1}}]}},"b":{"0":[9],"1":[2],"2":[4],"3":[10],"4":[4],"5":[1],"6":[3],"7":[2],"8":[1],"9":[3]},"fnMap":{"0":{"name":"buildCalendar","decl":{"start":{"line":5,"column":7},"end":{"line":14,"column":1}},"loc":{"start":{"line":5,"column":7},"end":{"line":14,"column":1}},"line":5},"1":{"name":"loadCalendar","decl":{"start":{"line":16,"column":7},"end":{"line":34,"column":1}},"loc":{"start":{"line":16,"column":7},"end":{"line":34,"column":1}},"line":16}},"f":{"0":9,"1":4}}
,"/Users/Uberto.Rapizzi/dev/calendar-feeds/src/cli.ts": {"path":"/Users/Uberto.Rapizzi/dev/calendar-feeds/src/cli.ts","all":false,"statementMap":{"1":{"start":{"line":2,"column":0},"end":{"line":2,"column":36}},"2":{"start":{"line":3,"column":0},"end":{"line":3,"column":40}},"3":{"start":{"line":4,"column":0},"end":{"line":4,"column":33}},"4":{"start":{"line":5,"column":0},"end":{"line":5,"column":41}},"5":{"start":{"line":6,"column":0},"end":{"line":6,"column":52}},"7":{"start":{"line":8,"column":0},"end":{"line":8,"column":57}},"8":{"start":{"line":9,"column":0},"end":{"line":9,"column":43}},"9":{"start":{"line":10,"column":0},"end":{"line":10,"column":42}},"11":{"start":{"line":12,"column":0},"end":{"line":12,"column":31}},"12":{"start":{"line":13,"column":0},"end":{"line":13,"column":31}},"14":{"start":{"line":15,"column":0},"end":{"line":15,"column":35}},"15":{"start":{"line":16,"column":0},"end":{"line":16,"column":16}},"16":{"start":{"line":17,"column":0},"end":{"line":17,"column":28}},"17":{"start":{"line":18,"column":0},"end":{"line":18,"column":56}},"18":{"start":{"line":19,"column":0},"end":{"line":19,"column":25}},"19":{"start":{"line":20,"column":0},"end":{"line":20,"column":31}},"20":{"start":{"line":21,"column":0},"end":{"line":21,"column":18}},"21":{"start":{"line":22,"column":0},"end":{"line":22,"column":37}},"22":{"start":{"line":23,"column":0},"end":{"line":23,"column":35}},"23":{"start":{"line":24,"column":0},"end":{"line":24,"column":6}},"24":{"start":{"line":25,"column":0},"end":{"line":25,"column":7}},"25":{"start":{"line":26,"column":0},"end":{"line":26,"column":4}},"26":{"start":{"line":27,"column":0},"end":{"line":27,"column":68}},"27":{"start":{"line":28,"column":0},"end":{"line":28,"column":65}},"28":{"start":{"line":29,"column":0},"end":{"line":29,"column":40}},"29":{"start":{"line":30,"column":0},"end":{"line":30,"column":37}},"30":{"start":{"line":31,"column":0},"end":{"line":31,"column":1}},"32":{"start":{"line":33,"column":0},"end":{"line":33,"column":29}},"33":{"start":{"line":34,"column":0},"end":{"line":34,"column":19}},"34":{"start":{"line":35,"column":0},"end":{"line":35,"column":59}},"35":{"start":{"line":36,"column":0},"end":{"line":36,"column":44}},"36":{"start":{"line":37,"column":0},"end":{"line":37,"column":52}},"37":{"start":{"line":38,"column":0},"end":{"line":38,"column":71}},"38":{"start":{"line":39,"column":0},"end":{"line":39,"column":23}},"40":{"start":{"line":41,"column":0},"end":{"line":41,"column":57}},"46":{"start":{"line":47,"column":0},"end":{"line":47,"column":33}},"47":{"start":{"line":48,"column":0},"end":{"line":48,"column":41}},"49":{"start":{"line":50,"column":0},"end":{"line":50,"column":44}},"50":{"start":{"line":51,"column":0},"end":{"line":51,"column":7}},"51":{"start":{"line":52,"column":0},"end":{"line":52,"column":72}},"52":{"start":{"line":53,"column":0},"end":{"line":53,"column":49}},"53":{"start":{"line":54,"column":0},"end":{"line":54,"column":55}},"54":{"start":{"line":55,"column":0},"end":{"line":55,"column":76}},"55":{"start":{"line":56,"column":0},"end":{"line":56,"column":17}},"56":{"start":{"line":57,"column":0},"end":{"line":57,"column":61}},"57":{"start":{"line":58,"column":0},"end":{"line":58,"column":30}},"58":{"start":{"line":59,"column":0},"end":{"line":59,"column":6}},"59":{"start":{"line":60,"column":0},"end":{"line":60,"column":56}},"60":{"start":{"line":61,"column":0},"end":{"line":61,"column":69}},"61":{"start":{"line":62,"column":0},"end":{"line":62,"column":18}},"62":{"start":{"line":63,"column":0},"end":{"line":63,"column":46}},"63":{"start":{"line":64,"column":0},"end":{"line":64,"column":37}},"64":{"start":{"line":65,"column":0},"end":{"line":65,"column":6}},"65":{"start":{"line":66,"column":0},"end":{"line":66,"column":52}},"66":{"start":{"line":67,"column":0},"end":{"line":67,"column":56}},"67":{"start":{"line":68,"column":0},"end":{"line":68,"column":55}},"68":{"start":{"line":69,"column":0},"end":{"line":69,"column":74}},"69":{"start":{"line":70,"column":0},"end":{"line":70,"column":76}},"70":{"start":{"line":71,"column":0},"end":{"line":71,"column":69}},"71":{"start":{"line":72,"column":0},"end":{"line":72,"column":19}},"72":{"start":{"line":73,"column":0},"end":{"line":73,"column":64}},"73":{"start":{"line":74,"column":0},"end":{"line":74,"column":61}},"74":{"start":{"line":75,"column":0},"end":{"line":75,"column":20}},"75":{"start":{"line":76,"column":0},"end":{"line":76,"column":3}},"76":{"start":{"line":77,"column":0},"end":{"line":77,"column":1}},"78":{"start":{"line":79,"column":0},"end":{"line":79,"column":57}},"79":{"start":{"line":80,"column":0},"end":{"line":80,"column":8}},"80":{"start":{"line":81,"column":0},"end":{"line":81,"column":1}}},"s":{"1":1,"2":1,"3":1,"4":1,"5":1,"7":1,"8":1,"9":1,"11":1,"12":1,"14":1,"15":11,"16":11,"17":11,"18":11,"19":11,"20":11,"21":7,"22":7,"23":7,"24":11,"25":11,"26":11,"27":11,"28":11,"29":11,"30":11,"32":1,"33":1,"34":1,"35":1,"36":1,"37":1,"38":1,"40":1,"46":1,"47":1,"49":2,"50":2,"51":2,"52":2,"53":2,"54":2,"55":2,"56":2,"57":2,"58":2,"59":2,"60":1,"61":1,"62":1,"63":1,"64":1,"65":1,"66":1,"67":2,"68":2,"69":2,"70":2,"71":2,"72":1,"73":1,"74":1,"75":1,"76":2,"78":1,"79":0,"80":0},"branchMap":{"0":{"type":"branch","line":79,"loc":{"start":{"line":79,"column":56},"end":{"line":81,"column":1}},"locations":[{"start":{"line":79,"column":56},"end":{"line":81,"column":1}}]},"1":{"type":"branch","line":15,"loc":{"start":{"line":15,"column":7},"end":{"line":31,"column":1}},"locations":[{"start":{"line":15,"column":7},"end":{"line":31,"column":1}}]},"2":{"type":"branch","line":21,"loc":{"start":{"line":21,"column":4},"end":{"line":24,"column":6}},"locations":[{"start":{"line":21,"column":4},"end":{"line":24,"column":6}}]},"3":{"type":"branch","line":22,"loc":{"start":{"line":22,"column":21},"end":{"line":22,"column":37}},"locations":[{"start":{"line":22,"column":21},"end":{"line":22,"column":37}}]},"4":{"type":"branch","line":23,"loc":{"start":{"line":23,"column":25},"end":{"line":23,"column":35}},"locations":[{"start":{"line":23,"column":25},"end":{"line":23,"column":35}}]},"5":{"type":"branch","line":50,"loc":{"start":{"line":50,"column":0},"end":{"line":77,"column":1}},"locations":[{"start":{"line":50,"column":0},"end":{"line":77,"column":1}}]},"6":{"type":"branch","line":54,"loc":{"start":{"line":54,"column":21},"end":{"line":54,"column":33}},"locations":[{"start":{"line":54,"column":21},"end":{"line":54,"column":33}}]},"7":{"type":"branch","line":60,"loc":{"start":{"line":60,"column":54},"end":{"line":68,"column":23}},"locations":[{"start":{"line":60,"column":54},"end":{"line":68,"column":23}}]},"8":{"type":"branch","line":68,"loc":{"start":{"line":68,"column":16},"end":{"line":68,"column":31}},"locations":[{"start":{"line":68,"column":16},"end":{"line":68,"column":31}}]},"9":{"type":"branch","line":68,"loc":{"start":{"line":68,"column":23},"end":{"line":68,"column":55}},"locations":[{"start":{"line":68,"column":23},"end":{"line":68,"column":55}}]},"10":{"type":"branch","line":72,"loc":{"start":{"line":72,"column":2},"end":{"line":76,"column":3}},"locations":[{"start":{"line":72,"column":2},"end":{"line":76,"column":3}}]},"11":{"type":"branch","line":67,"loc":{"start":{"line":67,"column":32},"end":{"line":67,"column":54}},"locations":[{"start":{"line":67,"column":32},"end":{"line":67,"column":54}}]}},"b":{"0":[0],"1":[11],"2":[7],"3":[1],"4":[0],"5":[2],"6":[0],"7":[1],"8":[0],"9":[1],"10":[1],"11":[1]},"fnMap":{"0":{"name":"calculateFetchDays","decl":{"start":{"line":15,"column":7},"end":{"line":31,"column":1}},"loc":{"start":{"line":15,"column":7},"end":{"line":31,"column":1}},"line":15},"1":{"name":"run","decl":{"start":{"line":50,"column":0},"end":{"line":77,"column":1}},"loc":{"start":{"line":50,"column":0},"end":{"line":77,"column":1}},"line":50}},"f":{"0":11,"1":2}}
,"/Users/Uberto.Rapizzi/dev/calendar-feeds/src/logger.ts": {"path":"/Users/Uberto.Rapizzi/dev/calendar-feeds/src/logger.ts","all":false,"statementMap":{"0":{"start":{"line":1,"column":0},"end":{"line":1,"column":48}},"1":{"start":{"line":2,"column":0},"end":{"line":2,"column":33}},"2":{"start":{"line":3,"column":0},"end":{"line":3,"column":24}},"4":{"start":{"line":5,"column":0},"end":{"line":5,"column":50}},"5":{"start":{"line":6,"column":0},"end":{"line":6,"column":26}},"6":{"start":{"line":7,"column":0},"end":{"line":7,"column":20}},"7":{"start":{"line":8,"column":0},"end":{"line":8,"column":1}},"9":{"start":{"line":10,"column":0},"end":{"line":10,"column":27}},"10":{"start":{"line":11,"column":0},"end":{"line":11,"column":3}},"11":{"start":{"line":12,"column":0},"end":{"line":12,"column":42}},"12":{"start":{"line":13,"column":0},"end":{"line":13,"column":4}},"13":{"start":{"line":14,"column":0},"end":{"line":14,"column":43}},"14":{"start":{"line":15,"column":0},"end":{"line":15,"column":2}}},"s":{"0":1,"1":1,"2":1,"4":1,"5":1,"6":3,"7":3,"9":1,"10":1,"11":1,"12":1,"13":1,"14":1},"branchMap":{"0":{"type":"branch","line":6,"loc":{"start":{"line":6,"column":25},"end":{"line":8,"column":1}},"locations":[{"start":{"line":6,"column":25},"end":{"line":8,"column":1}}]},"1":{"type":"branch","line":12,"loc":{"start":{"line":12,"column":23},"end":{"line":12,"column":42}},"locations":[{"start":{"line":12,"column":23},"end":{"line":12,"column":42}}]}},"b":{"0":[3],"1":[5]},"fnMap":{},"f":{}}
,"/Users/Uberto.Rapizzi/dev/calendar-feeds/src/providers/dummy.ts": {"path":"/Users/Uberto.Rapizzi/dev/calendar-feeds/src/providers/dummy.ts","all":false,"statementMap":{"2":{"start":{"line":3,"column":0},"end":{"line":3,"column":45}},"3":{"start":{"line":4,"column":0},"end":{"line":4,"column":35}},"4":{"start":{"line":5,"column":0},"end":{"line":5,"column":12}},"5":{"start":{"line":6,"column":0},"end":{"line":6,"column":7}},"6":{"start":{"line":7,"column":0},"end":{"line":7,"column":24}},"7":{"start":{"line":8,"column":0},"end":{"line":8,"column":31}},"8":{"start":{"line":9,"column":0},"end":{"line":9,"column":48}},"9":{"start":{"line":10,"column":0},"end":{"line":10,"column":48}},"10":{"start":{"line":11,"column":0},"end":{"line":11,"column":33}},"11":{"start":{"line":12,"column":0},"end":{"line":12,"column":7}},"12":{"start":{"line":13,"column":0},"end":{"line":13,"column":6}},"13":{"start":{"line":14,"column":0},"end":{"line":14,"column":3}},"14":{"start":{"line":15,"column":0},"end":{"line":15,"column":2}}},"s":{"2":1,"3":1,"4":15,"5":15,"6":15,"7":15,"8":15,"9":15,"10":15,"11":15,"12":15,"13":15,"14":1},"branchMap":{"0":{"type":"branch","line":4,"loc":{"start":{"line":4,"column":2},"end":{"line":14,"column":3}},"locations":[{"start":{"line":4,"column":2},"end":{"line":14,"column":3}}]}},"b":{"0":[15]},"fnMap":{"0":{"name":"getEvents","decl":{"start":{"line":4,"column":2},"end":{"line":14,"column":3}},"loc":{"start":{"line":4,"column":2},"end":{"line":14,"column":3}},"line":4}},"f":{"0":15}}
,"/Users/Uberto.Rapizzi/dev/calendar-feeds/src/providers/index.ts": {"path":"/Users/Uberto.Rapizzi/dev/calendar-feeds/src/providers/index.ts","all":false,"statementMap":{"0":{"start":{"line":1,"column":0},"end":{"line":1,"column":40}},"1":{"start":{"line":2,"column":0},"end":{"line":2,"column":52}},"4":{"start":{"line":5,"column":0},"end":{"line":5,"column":49}},"5":{"start":{"line":6,"column":0},"end":{"line":6,"column":23}},"6":{"start":{"line":7,"column":0},"end":{"line":7,"column":27}},"7":{"start":{"line":8,"column":0},"end":{"line":8,"column":2}},"9":{"start":{"line":10,"column":0},"end":{"line":10,"column":59}},"10":{"start":{"line":11,"column":0},"end":{"line":11,"column":45}},"11":{"start":{"line":12,"column":0},"end":{"line":12,"column":1}}},"s":{"0":1,"1":1,"4":1,"5":1,"6":1,"7":1,"9":1,"10":6,"11":6},"branchMap":{"0":{"type":"branch","line":10,"loc":{"start":{"line":10,"column":7},"end":{"line":12,"column":1}},"locations":[{"start":{"line":10,"column":7},"end":{"line":12,"column":1}}]},"1":{"type":"branch","line":11,"loc":{"start":{"line":11,"column":22},"end":{"line":11,"column":45}},"locations":[{"start":{"line":11,"column":22},"end":{"line":11,"column":45}}]}},"b":{"0":[6],"1":[4]},"fnMap":{"0":{"name":"loadProvider","decl":{"start":{"line":10,"column":7},"end":{"line":12,"column":1}},"loc":{"start":{"line":10,"column":7},"end":{"line":12,"column":1}},"line":10}},"f":{"0":6}}
,"/Users/Uberto.Rapizzi/dev/calendar-feeds/src/providers/jersey-tides.ts": {"path":"/Users/Uberto.Rapizzi/dev/calendar-feeds/src/providers/jersey-tides.ts","all":false,"statementMap":{"0":{"start":{"line":1,"column":0},"end":{"line":1,"column":31}},"1":{"start":{"line":2,"column":0},"end":{"line":2,"column":59}},"2":{"start":{"line":3,"column":0},"end":{"line":3,"column":57}},"4":{"start":{"line":5,"column":0},"end":{"line":5,"column":40}},"5":{"start":{"line":6,"column":0},"end":{"line":6,"column":33}},"7":{"start":{"line":8,"column":0},"end":{"line":8,"column":43}},"9":{"start":{"line":10,"column":0},"end":{"line":10,"column":18}},"10":{"start":{"line":11,"column":0},"end":{"line":11,"column":18}},"11":{"start":{"line":12,"column":0},"end":{"line":12,"column":33}},"12":{"start":{"line":13,"column":0},"end":{"line":13,"column":38}},"16":{"start":{"line":17,"column":0},"end":{"line":17,"column":20}},"24":{"start":{"line":25,"column":0},"end":{"line":25,"column":50}},"25":{"start":{"line":26,"column":0},"end":{"line":26,"column":55}},"27":{"start":{"line":28,"column":0},"end":{"line":28,"column":55}},"28":{"start":{"line":29,"column":0},"end":{"line":29,"column":44}},"29":{"start":{"line":30,"column":0},"end":{"line":30,"column":47}},"30":{"start":{"line":31,"column":0},"end":{"line":31,"column":54}},"31":{"start":{"line":32,"column":0},"end":{"line":32,"column":50}},"32":{"start":{"line":33,"column":0},"end":{"line":33,"column":13}},"33":{"start":{"line":34,"column":0},"end":{"line":34,"column":133}},"34":{"start":{"line":35,"column":0},"end":{"line":35,"column":60}},"36":{"start":{"line":37,"column":0},"end":{"line":37,"column":43}},"37":{"start":{"line":38,"column":0},"end":{"line":38,"column":34}},"38":{"start":{"line":39,"column":0},"end":{"line":39,"column":63}},"39":{"start":{"line":40,"column":0},"end":{"line":40,"column":7}},"40":{"start":{"line":41,"column":0},"end":{"line":41,"column":18}},"41":{"start":{"line":42,"column":0},"end":{"line":42,"column":36}},"42":{"start":{"line":43,"column":0},"end":{"line":43,"column":74}},"43":{"start":{"line":44,"column":0},"end":{"line":44,"column":5}},"44":{"start":{"line":45,"column":0},"end":{"line":45,"column":90}},"45":{"start":{"line":46,"column":0},"end":{"line":46,"column":86}},"46":{"start":{"line":47,"column":0},"end":{"line":47,"column":50}},"47":{"start":{"line":48,"column":0},"end":{"line":48,"column":67}},"48":{"start":{"line":49,"column":0},"end":{"line":49,"column":23}},"49":{"start":{"line":50,"column":0},"end":{"line":50,"column":35}},"50":{"start":{"line":51,"column":0},"end":{"line":51,"column":43}},"51":{"start":{"line":52,"column":0},"end":{"line":52,"column":61}},"52":{"start":{"line":53,"column":0},"end":{"line":53,"column":55}},"53":{"start":{"line":54,"column":0},"end":{"line":54,"column":69}},"54":{"start":{"line":55,"column":0},"end":{"line":55,"column":42}},"55":{"start":{"line":56,"column":0},"end":{"line":56,"column":16}},"56":{"start":{"line":57,"column":0},"end":{"line":57,"column":47}},"57":{"start":{"line":58,"column":0},"end":{"line":58,"column":18}},"58":{"start":{"line":59,"column":0},"end":{"line":59,"column":30}},"59":{"start":{"line":60,"column":0},"end":{"line":60,"column":26}},"60":{"start":{"line":61,"column":0},"end":{"line":61,"column":45}},"61":{"start":{"line":62,"column":0},"end":{"line":62,"column":40}},"62":{"start":{"line":63,"column":0},"end":{"line":63,"column":28}},"63":{"start":{"line":64,"column":0},"end":{"line":64,"column":10}},"64":{"start":{"line":65,"column":0},"end":{"line":65,"column":8}},"65":{"start":{"line":66,"column":0},"end":{"line":66,"column":69}},"66":{"start":{"line":67,"column":0},"end":{"line":67,"column":65}},"67":{"start":{"line":68,"column":0},"end":{"line":68,"column":18}},"68":{"start":{"line":69,"column":0},"end":{"line":69,"column":3}},"69":{"start":{"line":70,"column":0},"end":{"line":70,"column":2}}},"s":{"0":1,"1":1,"2":1,"4":1,"5":1,"7":1,"9":1,"10":1,"11":1,"12":1,"16":1,"24":1,"25":1,"27":9,"28":9,"29":9,"30":9,"31":9,"32":9,"33":9,"34":9,"36":9,"37":9,"38":9,"39":9,"40":9,"41":1,"42":1,"43":1,"44":8,"45":8,"46":9,"47":9,"48":9,"49":9,"50":14,"51":14,"52":14,"53":14,"54":14,"55":14,"56":14,"57":14,"58":14,"59":14,"60":14,"61":14,"62":14,"63":14,"64":9,"65":9,"66":9,"67":9,"68":9,"69":1},"branchMap":{"0":{"type":"branch","line":26,"loc":{"start":{"line":26,"column":2},"end":{"line":69,"column":3}},"locations":[{"start":{"line":26,"column":2},"end":{"line":69,"column":3}}]},"1":{"type":"branch","line":35,"loc":{"start":{"line":35,"column":15},"end":{"line":35,"column":60}},"locations":[{"start":{"line":35,"column":15},"end":{"line":35,"column":60}}]},"2":{"type":"branch","line":39,"loc":{"start":{"line":39,"column":44},"end":{"line":39,"column":62}},"locations":[{"start":{"line":39,"column":44},"end":{"line":39,"column":62}}]},"3":{"type":"branch","line":41,"loc":{"start":{"line":41,"column":17},"end":{"line":44,"column":5}},"locations":[{"start":{"line":41,"column":17},"end":{"line":44,"column":5}}]},"4":{"type":"branch","line":44,"loc":{"start":{"line":44,"column":4},"end":{"line":47,"column":30}},"locations":[{"start":{"line":44,"column":4},"end":{"line":47,"column":30}}]},"5":{"type":"branch","line":47,"loc":{"start":{"line":47,"column":22},"end":{"line":47,"column":47}},"locations":[{"start":{"line":47,"column":22},"end":{"line":47,"column":47}}]},"6":{"type":"branch","line":47,"loc":{"start":{"line":47,"column":35},"end":{"line":47,"column":50}},"locations":[{"start":{"line":47,"column":35},"end":{"line":47,"column":50}}]},"7":{"type":"branch","line":50,"loc":{"start":{"line":50,"column":11},"end":{"line":65,"column":7}},"locations":[{"start":{"line":50,"column":11},"end":{"line":65,"column":7}}]},"8":{"type":"branch","line":54,"loc":{"start":{"line":54,"column":36},"end":{"line":54,"column":57}},"locations":[{"start":{"line":54,"column":36},"end":{"line":54,"column":57}}]},"9":{"type":"branch","line":54,"loc":{"start":{"line":54,"column":44},"end":{"line":54,"column":69}},"locations":[{"start":{"line":54,"column":44},"end":{"line":54,"column":69}}]},"10":{"type":"branch","line":66,"loc":{"start":{"line":66,"column":14},"end":{"line":66,"column":67}},"locations":[{"start":{"line":66,"column":14},"end":{"line":66,"column":67}}]}},"b":{"0":[9],"1":[1],"2":[1],"3":[1],"4":[8],"5":[1],"6":[0],"7":[14],"8":[7],"9":[7],"10":[14]},"fnMap":{"0":{"name":"getEvents","decl":{"start":{"line":26,"column":2},"end":{"line":69,"column":3}},"loc":{"start":{"line":26,"column":2},"end":{"line":69,"column":3}},"line":26}},"f":{"0":9}}
,"/Users/Uberto.Rapizzi/dev/calendar-feeds/src/providers/types.ts": {"path":"/Users/Uberto.Rapizzi/dev/calendar-feeds/src/providers/types.ts","all":true,"statementMap":{},"s":{},"branchMap":{"0":{"type":"branch","line":1,"loc":{"start":{"line":1,"column":136},"end":{"line":4,"column":1}},"locations":[{"start":{"line":1,"column":136},"end":{"line":4,"column":1}}]}},"b":{"0":[1]},"fnMap":{"0":{"name":"(empty-report)","decl":{"start":{"line":1,"column":136},"end":{"line":4,"column":1}},"loc":{"start":{"line":1,"column":136},"end":{"line":4,"column":1}},"line":1}},"f":{"0":1}}
}
